<?xml version="1.0" encoding="UTF-8"?>
<testng-results ignored="0" total="1" passed="1" failed="0" skipped="0">
  <reporter-output>
  </reporter-output>
  <suite started-at="2023-07-12T15:57:00 ART" name="Default suite" finished-at="2023-07-12T15:57:41 ART" duration-ms="40634">
    <groups>
    </groups>
    <test started-at="2023-07-12T15:57:00 ART" name="Default test" finished-at="2023-07-12T15:57:41 ART" duration-ms="40634">
      <class name="tests.BaseClass">
        <test-method is-config="true" signature="setup()[pri:0, instance:tests.BaseClass@443118b0]" started-at="2023-07-12T15:57:00 ART" name="setup" finished-at="2023-07-12T15:57:41 ART" duration-ms="40584" status="PASS">
          <reporter-output>
          </reporter-output>
        </test-method> <!-- setup -->
        <test-method signature="sampleTest()[pri:0, instance:tests.BaseClass@443118b0]" started-at="2023-07-12T15:57:41 ART" name="sampleTest" finished-at="2023-07-12T15:57:41 ART" duration-ms="6" status="PASS">
          <reporter-output>
          </reporter-output>
        </test-method> <!-- sampleTest -->
        <test-method is-config="true" signature="teardown()[pri:0, instance:tests.BaseClass@443118b0]" started-at="2023-07-12T15:57:41 ART" name="teardown" finished-at="2023-07-12T15:57:41 ART" duration-ms="2" status="PASS">
          <reporter-output>
          </reporter-output>
        </test-method> <!-- teardown -->
      </class> <!-- tests.BaseClass -->
    </test> <!-- Default test -->
  </suite> <!-- Default suite -->
</testng-results>
